#
# A fatal error has been detected by the Java Runtime Environment:
#
#  EXCEPTION_ACCESS_VIOLATION (0xc0000005) at pc=0x00007ffc9ac3012e, pid=13296, tid=2628
#
# JRE version: OpenJDK Runtime Environment Corretto-17.0.5.8.1 (17.0.5+8) (build 17.0.5+8-LTS)
# Java VM: OpenJDK 64-Bit Server VM Corretto-17.0.5.8.1 (17.0.5+8-LTS, mixed mode, sharing, tiered, compressed oops, compressed class ptrs, g1 gc, windows-amd64)
# Problematic frame:
# V  [jvm.dll+0x3c012e]
#
# No core dump will be written. Minidumps are not enabled by default on client versions of Windows
#
# If you would like to submit a bug report, please visit:
#   https://github.com/corretto/corretto-17/issues/
#

---------------  S U M M A R Y ------------

Command Line: -agentlib:jdwp=transport=dt_socket,address=127.0.0.1:64950,suspend=y,server=n -Djava.library.path=C:\Users\natan\Desktop\AlgorithmsGui\build\classes\kotlin\jvm\main -javaagent:C:/Users/natan/.gradle/caches/modules-2/files-2.1/org.jetbrains.kotlinx/kotlinx-coroutines-core-jvm/1.6.4/2c997cd1c0ef33f3e751d3831929aeff1390cb30/kotlinx-coroutines-core-jvm-1.6.4.jar -javaagent:C:\Users\natan\AppData\Local\JetBrains\IntelliJIdea2022.3\captureAgent\debugger-agent.jar=file:/C:/Users/natan/AppData/Local/Temp/capture.props -Dfile.encoding=UTF-8 MainKt

Host: AMD Ryzen 7 3700X 8-Core Processor             , 16 cores, 31G,  Windows 11 , 64 bit Build 22621 (10.0.22621.755)
Time: Fri Dec  2 22:23:33 2022 Jerusalem Standard Time elapsed time: 51.806407 seconds (0d 0h 0m 51s)

---------------  T H R E A D  ---------------

Current thread (0x00000203b3e2c990):  JavaThread "AWT-EventQueue-0" [_thread_in_vm, id=2628, stack(0x0000009edd500000,0x0000009edd600000)]

Stack: [0x0000009edd500000,0x0000009edd600000],  sp=0x0000009edd5fd3a0,  free space=1012k
Native frames: (J=compiled Java code, j=interpreted, Vv=VM code, C=native code)
V  [jvm.dll+0x3c012e]
C  [skiko-windows-x64.dll+0x57c6c]

Java frames: (J=compiled Java code, j=interpreted, Vv=VM code)
j  org.jetbrains.skiko.redrawer.Direct3DRedrawer.initSwapChain(J)V+0
j  org.jetbrains.skiko.redrawer.Direct3DRedrawer.initSwapChain()V+5
j  org.jetbrains.skiko.context.Direct3DContextHandler.initCanvas()V+87
j  org.jetbrains.skiko.context.ContextHandler.draw()V+21
j  org.jetbrains.skiko.redrawer.Direct3DRedrawer.drawAndSwap(Z)V+21
j  org.jetbrains.skiko.redrawer.Direct3DRedrawer.redrawImmediately()V+182
j  org.jetbrains.skiko.SkiaLayer.paint(Ljava/awt/Graphics;)V+85
j  androidx.compose.ui.awt.ComposeLayer$ComponentImpl.paint(Ljava/awt/Graphics;)V+12
j  javax.swing.JComponent.paintChildren(Ljava/awt/Graphics;)V+523 java.desktop@17.0.5
j  javax.swing.JComponent.paint(Ljava/awt/Graphics;)V+318 java.desktop@17.0.5
j  javax.swing.JLayeredPane.paint(Ljava/awt/Graphics;)V+73 java.desktop@17.0.5
j  javax.swing.JComponent.paintChildren(Ljava/awt/Graphics;)V+523 java.desktop@17.0.5
j  javax.swing.JComponent.paint(Ljava/awt/Graphics;)V+318 java.desktop@17.0.5
j  androidx.compose.ui.window.Window_desktopKt$Window$11$1.invoke(Landroidx/compose/ui/awt/ComposeWindow;)V+70
j  androidx.compose.ui.window.Window_desktopKt$Window$11$1.invoke(Ljava/lang/Object;)Ljava/lang/Object;+5
j  androidx.compose.ui.window.AwtWindow_desktopKt$AwtWindow$3.invoke()V+13
j  androidx.compose.ui.window.AwtWindow_desktopKt$AwtWindow$3.invoke()Ljava/lang/Object;+1
j  androidx.compose.ui.util.UpdateEffect_desktopKt$UpdateEffect$2$performUpdate$1.invoke()V+7
j  androidx.compose.ui.util.UpdateEffect_desktopKt$UpdateEffect$2$performUpdate$1.invoke()Ljava/lang/Object;+1
j  androidx.compose.runtime.snapshots.Snapshot$Companion.observe(Lkotlin/jvm/functions/Function1;Lkotlin/jvm/functions/Function1;Lkotlin/jvm/functions/Function0;)Ljava/lang/Object;+108
j  androidx.compose.runtime.snapshots.SnapshotStateObserver$observeReads$1$1.invoke()V+15
j  androidx.compose.runtime.snapshots.SnapshotStateObserver$observeReads$1$1.invoke()Ljava/lang/Object;+1
j  androidx.compose.runtime.SnapshotStateKt__DerivedStateKt.observeDerivedStateRecalculations(Lkotlin/jvm/functions/Function1;Lkotlin/jvm/functions/Function1;Lkotlin/jvm/functions/Function0;)V+94
j  androidx.compose.runtime.SnapshotStateKt.observeDerivedStateRecalculations(Lkotlin/jvm/functions/Function1;Lkotlin/jvm/functions/Function1;Lkotlin/jvm/functions/Function0;)V+3
j  androidx.compose.runtime.snapshots.SnapshotStateObserver.observeReads(Ljava/lang/Object;Lkotlin/jvm/functions/Function1;Lkotlin/jvm/functions/Function0;)V+184
j  androidx.compose.ui.util.UpdateEffect_desktopKt$UpdateEffect$2.invoke$performUpdate(Landroidx/compose/runtime/snapshots/SnapshotStateObserver;Lkotlin/jvm/internal/Ref$ObjectRef;Landroidx/compose/runtime/State;)V+38
j  androidx.compose.ui.util.UpdateEffect_desktopKt$UpdateEffect$2.invoke(Landroidx/compose/runtime/DisposableEffectScope;)Landroidx/compose/runtime/DisposableEffectResult;+59
j  androidx.compose.ui.util.UpdateEffect_desktopKt$UpdateEffect$2.invoke(Ljava/lang/Object;)Ljava/lang/Object;+5
j  androidx.compose.runtime.DisposableEffectImpl.onRemembered()V+8
j  androidx.compose.runtime.CompositionImpl$RememberEventDispatcher.dispatchRememberObservers()V+234
j  androidx.compose.runtime.CompositionImpl.applyChangesInLocked(Ljava/util/List;)V+245
j  androidx.compose.runtime.CompositionImpl.applyChanges()V+41
j  androidx.compose.runtime.Recomposer.composeInitial$runtime(Landroidx/compose/runtime/ControlledComposition;Lkotlin/jvm/functions/Function2;)V+271
j  androidx.compose.runtime.CompositionImpl.setContent(Lkotlin/jvm/functions/Function2;)V+55
j  androidx.compose.ui.window.Application_desktopKt$awaitApplication$2$1$2.invokeSuspend(Ljava/lang/Object;)Ljava/lang/Object;+89
j  kotlin.coroutines.jvm.internal.BaseContinuationImpl.resumeWith(Ljava/lang/Object;)V+44
j  kotlinx.coroutines.DispatchedTask.run()V+314
j  java.awt.event.InvocationEvent.dispatch$$$capture()V+47 java.desktop@17.0.5
j  java.awt.event.InvocationEvent.dispatch()V+5 java.desktop@17.0.5
j  java.awt.EventQueue.dispatchEventImpl(Ljava/awt/AWTEvent;Ljava/lang/Object;)V+21 java.desktop@17.0.5
j  java.awt.EventQueue$4.run()Ljava/lang/Void;+32 java.desktop@17.0.5
j  java.awt.EventQueue$4.run()Ljava/lang/Object;+1 java.desktop@17.0.5
j  java.security.AccessController.executePrivileged(Ljava/security/PrivilegedAction;Ljava/security/AccessControlContext;Ljava/lang/Class;)Ljava/lang/Object;+29 java.base@17.0.5
j  java.security.AccessController.doPrivileged(Ljava/security/PrivilegedAction;Ljava/security/AccessControlContext;)Ljava/lang/Object;+13 java.base@17.0.5
j  java.security.ProtectionDomain$JavaSecurityAccessImpl.doIntersectionPrivilege(Ljava/security/PrivilegedAction;Ljava/security/AccessControlContext;Ljava/security/AccessControlContext;)Ljava/lang/Object;+18 java.base@17.0.5
j  java.awt.EventQueue.dispatchEvent(Ljava/awt/AWTEvent;)V+46 java.desktop@17.0.5
j  java.awt.EventDispatchThread.pumpOneEventForFilters(I)V+78 java.desktop@17.0.5
j  java.awt.EventDispatchThread.pumpEventsForFilter(ILjava/awt/Conditional;Ljava/awt/EventFilter;)V+35 java.desktop@17.0.5
j  java.awt.EventDispatchThread.pumpEventsForHierarchy(ILjava/awt/Conditional;Ljava/awt/Component;)V+11 java.desktop@17.0.5
j  java.awt.EventDispatchThread.pumpEvents(ILjava/awt/Conditional;)V+4 java.desktop@17.0.5
j  java.awt.EventDispatchThread.pumpEvents(Ljava/awt/Conditional;)V+3 java.desktop@17.0.5
j  java.awt.EventDispatchThread.run()V+9 java.desktop@17.0.5
v  ~StubRoutines::call_stub

siginfo: EXCEPTION_ACCESS_VIOLATION (0xc0000005), reading address 0x0000000000000000


Register to memory mapping:

RIP=0x00007ffc9ac3012e jvm.dll
RAX=0x0 is NULL
RBX=0x00000203b3e2c990 is a thread
RCX=0xb4d747066ad80000 is an unknown value
RDX=0x00000203afa49378 is a global jni handle
RSP=0x0000009edd5fd3a0 is pointing into the stack for thread: 0x00000203b3e2c990
RBP=0x00000203b3e2cc38 points into unknown readable memory: 0x00007ffc9b3412a0 | a0 12 34 9b fc 7f 00 00
RSI=0x00000203b3e2c990 is a thread
RDI=0x00000203b465fa00 points into unknown readable memory: 0x0000000000000000 | 00 00 00 00 00 00 00 00
R8 =0x0 is NULL
R9 =0x0000009edd5fd4a8 is pointing into the stack for thread: 0x00000203b3e2c990
R10=0x00000203b3e2c990 is a thread
R11=0x0000009edd5fd398 is pointing into the stack for thread: 0x00000203b3e2c990
R12=0x0 is NULL
R13={method} {0x00000203bb244978} 'initSwapChain' '(J)V' in 'org/jetbrains/skiko/redrawer/Direct3DRedrawer'
R14=0x0 is NULL
R15=0x0000009edd5fd4a8 is pointing into the stack for thread: 0x00000203b3e2c990


Registers:
RAX=0x0000000000000000, RBX=0x00000203b3e2c990, RCX=0xb4d747066ad80000, RDX=0x00000203afa49378
RSP=0x0000009edd5fd3a0, RBP=0x00000203b3e2cc38, RSI=0x00000203b3e2c990, RDI=0x00000203b465fa00
R8 =0x0000000000000000, R9 =0x0000009edd5fd4a8, R10=0x00000203b3e2c990, R11=0x0000009edd5fd398
R12=0x0000000000000000, R13=0x00000203bb244970, R14=0x0000000000000000, R15=0x0000009edd5fd4a8
RIP=0x00007ffc9ac3012e, EFLAGS=0x0000000000010206

Top of Stack: (sp=0x0000009edd5fd3a0)
0x0000009edd5fd3a0:   00000203b3e2c990 00000203b3e2c990
0x0000009edd5fd3b0:   0000009edd5fd450 00000203b3e2cc38
0x0000009edd5fd3c0:   00000203b3e2c990 0000000000000084
0x0000009edd5fd3d0:   00000203bb244970 0000000000000000
0x0000009edd5fd3e0:   00000203b3e2c990 00007ffc9ac5a977
0x0000009edd5fd3f0:   00000203b3e2c990 00000203b39b4658
0x0000009edd5fd400:   0000020300000453 00007ffc9b19b440
0x0000009edd5fd410:   00000203b3e2c990 00000203bb244970
0x0000009edd5fd420:   0000000000000000 00000203bb546e00
0x0000009edd5fd430:   0000000000000000 00007ffc9ac34600
0x0000009edd5fd440:   00000203b3e2c990 0000009edd5fd690
0x0000009edd5fd450:   00000203b465fa54 00007ffc998b7c6c
0x0000009edd5fd460:   00000203b3e2cc38 0000009edd5fd660
0x0000009edd5fd470:   00000203bb546e30 00007ffc9b19b440
0x0000009edd5fd480:   0000009edd5fd690 00007ffc998b812c
0x0000009edd5fd490:   00000203b3e2cc38 0000009edd5fd660 

Instructions: (pc=0x00007ffc9ac3012e)
0x00007ffc9ac3002e:   48 8b 43 18 48 89 41 18 48 8b 4b 08 48 8b 43 20
0x00007ffc9ac3003e:   48 89 41 20 48 8d 8f 88 02 00 00 e8 52 7b ef ff
0x00007ffc9ac3004e:   c7 87 38 03 00 00 04 00 00 00 48 81 c4 b0 00 00
0x00007ffc9ac3005e:   00 41 5e 5f 5e 5d 5b c3 cc cc cc cc cc cc cc cc
0x00007ffc9ac3006e:   cc cc 48 89 5c 24 08 48 89 6c 24 10 48 89 74 24
0x00007ffc9ac3007e:   18 57 41 56 41 57 48 81 ec a0 00 00 00 8b 81 b8
0x00007ffc9ac3008e:   00 00 00 48 8d b1 58 fd ff ff 05 55 21 ff ff 4d
0x00007ffc9ac3009e:   8b f9 4d 8b f0 48 8b e9 83 f8 01 76 0d 48 8b ce
0x00007ffc9ac300ae:   40 b7 01 e8 ca aa 3e 00 eb 03 40 32 ff 33 db 40
0x00007ffc9ac300be:   84 ff 48 0f 44 de c7 83 38 03 00 00 05 00 00 00
0x00007ffc9ac300ce:   e8 6d 7e 27 00 48 8b 83 40 03 00 00 a8 01 74 0a
0x00007ffc9ac300de:   b2 01 48 8b cb e8 18 4f 2e 00 83 bb 2c 03 00 00
0x00007ffc9ac300ee:   00 75 0a 8b 83 28 03 00 00 a8 0c 74 0a 33 d2 48
0x00007ffc9ac300fe:   8b cb e8 eb d2 3e 00 c7 83 38 03 00 00 06 00 00
0x00007ffc9ac3010e:   00 48 83 7b 08 00 48 89 5c 24 50 48 c7 44 24 58
0x00007ffc9ac3011e:   00 00 00 00 74 0a 48 8d 4c 24 50 e8 32 05 2b 00
0x00007ffc9ac3012e:   49 8b 16 48 8d 4c 24 70 c7 44 24 40 0e 00 00 00
0x00007ffc9ac3013e:   e8 dd df 00 00 48 8d 44 24 70 48 89 5c 24 30 48
0x00007ffc9ac3014e:   89 44 24 28 48 8d 3d 6f b3 56 00 45 33 c9 4c 89
0x00007ffc9ac3015e:   74 24 20 45 33 c0 48 89 7c 24 70 48 8d 54 24 40
0x00007ffc9ac3016e:   4c 89 bc 24 98 00 00 00 48 8b cd e8 d2 f2 00 00
0x00007ffc9ac3017e:   48 83 7c 24 58 00 48 89 7c 24 70 48 c7 84 24 98
0x00007ffc9ac3018e:   00 00 00 00 00 00 00 74 0a 48 8d 4c 24 50 e8 5f
0x00007ffc9ac3019e:   05 2b 00 48 8b bb e8 00 00 00 48 8b 4f 10 48 83
0x00007ffc9ac301ae:   39 00 74 0c 48 8b cf e8 f6 51 f7 ff 48 8b 4f 10
0x00007ffc9ac301be:   48 8b 47 08 48 89 48 10 48 8b 4f 08 48 8b 47 18
0x00007ffc9ac301ce:   48 89 41 18 48 8b 4f 08 48 8b 47 20 48 89 41 20
0x00007ffc9ac301de:   48 8d 8b 88 02 00 00 e8 b6 79 ef ff 4c 8d 9c 24
0x00007ffc9ac301ee:   a0 00 00 00 c7 83 38 03 00 00 04 00 00 00 49 8b
0x00007ffc9ac301fe:   5b 20 49 8b 6b 28 49 8b 73 30 49 8b e3 41 5f 41
0x00007ffc9ac3020e:   5e 5f c3 cc cc cc cc cc cc cc cc cc cc cc cc cc
0x00007ffc9ac3021e:   cc cc 48 89 5c 24 08 48 89 6c 24 10 48 89 74 24 


Stack slot to memory mapping:
stack at sp + 0 slots: 0x00000203b3e2c990 is a thread
stack at sp + 1 slots: 0x00000203b3e2c990 is a thread
stack at sp + 2 slots: 0x0000009edd5fd450 is pointing into the stack for thread: 0x00000203b3e2c990
stack at sp + 3 slots: 0x00000203b3e2cc38 points into unknown readable memory: 0x00007ffc9b3412a0 | a0 12 34 9b fc 7f 00 00
stack at sp + 4 slots: 0x00000203b3e2c990 is a thread
stack at sp + 5 slots: 0x0000000000000084 is an unknown value
stack at sp + 6 slots: {method} {0x00000203bb244978} 'initSwapChain' '(J)V' in 'org/jetbrains/skiko/redrawer/Direct3DRedrawer'
stack at sp + 7 slots: 0x0 is NULL


---------------  P R O C E S S  ---------------

Threads class SMR info:
_java_thread_list=0x00000203b3ebe3b0, length=24, elements={
0x0000020383580d40, 0x00000203afa37190, 0x00000203afa37950, 0x00000203afa4c720,
0x00000203afa4cbf0, 0x00000203afa4d1b0, 0x00000203afa4d770, 0x00000203afa5a140,
0x00000203afa67020, 0x00000203b2901fe0, 0x00000203b299d450, 0x00000203b2a819c0,
0x00000203b2c54b60, 0x00000203b39c05d0, 0x00000203b3de4e30, 0x00000203b3de8720,
0x00000203b3e2c990, 0x00000203b455d420, 0x00000203b4649850, 0x00000203b45a98a0,
0x00000203b45a6d50, 0x00000203b45a6880, 0x00000203b45a7220, 0x00000203b45a8a30
}

Java Threads: ( => current thread )
  0x0000020383580d40 JavaThread "main" [_thread_blocked, id=2132, stack(0x0000009edb700000,0x0000009edb800000)]
  0x00000203afa37190 JavaThread "Reference Handler" daemon [_thread_blocked, id=1504, stack(0x0000009edbe00000,0x0000009edbf00000)]
  0x00000203afa37950 JavaThread "Finalizer" daemon [_thread_blocked, id=16268, stack(0x0000009edbf00000,0x0000009edc000000)]
  0x00000203afa4c720 JavaThread "Signal Dispatcher" daemon [_thread_blocked, id=16492, stack(0x0000009edc000000,0x0000009edc100000)]
  0x00000203afa4cbf0 JavaThread "Attach Listener" daemon [_thread_blocked, id=2012, stack(0x0000009edc100000,0x0000009edc200000)]
  0x00000203afa4d1b0 JavaThread "Service Thread" daemon [_thread_blocked, id=2944, stack(0x0000009edc200000,0x0000009edc300000)]
  0x00000203afa4d770 JavaThread "Monitor Deflation Thread" daemon [_thread_blocked, id=16972, stack(0x0000009edc300000,0x0000009edc400000)]
  0x00000203afa5a140 JavaThread "C2 CompilerThread0" daemon [_thread_in_native, id=6384, stack(0x0000009edc400000,0x0000009edc500000)]
  0x00000203afa67020 JavaThread "C1 CompilerThread0" daemon [_thread_blocked, id=4992, stack(0x0000009edc500000,0x0000009edc600000)]
  0x00000203b2901fe0 JavaThread "Sweeper thread" daemon [_thread_blocked, id=16796, stack(0x0000009edc600000,0x0000009edc700000)]
  0x00000203b299d450 JavaThread "Common-Cleaner" daemon [_thread_blocked, id=16612, stack(0x0000009edc700000,0x0000009edc800000)]
  0x00000203b2a819c0 JavaThread "JDWP Event Helper Thread" daemon [_thread_blocked, id=16800, stack(0x0000009edcc00000,0x0000009edcd00000)]
  0x00000203b2c54b60 JavaThread "Coroutines Debugger Cleaner" daemon [_thread_blocked, id=3012, stack(0x0000009edcf00000,0x0000009edd000000)]
  0x00000203b39c05d0 JavaThread "Notification Thread" daemon [_thread_blocked, id=16408, stack(0x0000009edd000000,0x0000009edd100000)]
  0x00000203b3de4e30 JavaThread "Java2D Disposer" daemon [_thread_blocked, id=13500, stack(0x0000009edd200000,0x0000009edd300000)]
  0x00000203b3de8720 JavaThread "AWT-Shutdown" [_thread_blocked, id=3724, stack(0x0000009edd300000,0x0000009edd400000)]
=>0x00000203b3e2c990 JavaThread "AWT-EventQueue-0" [_thread_in_vm, id=2628, stack(0x0000009edd500000,0x0000009edd600000)]
  0x00000203b455d420 JavaThread "DefaultDispatcher-worker-1" daemon [_thread_blocked, id=16956, stack(0x0000009edf700000,0x0000009edf800000)]
  0x00000203b4649850 JavaThread "DefaultDispatcher-worker-2" daemon [_thread_blocked, id=3216, stack(0x0000009edf800000,0x0000009edf900000)]
  0x00000203b45a98a0 JavaThread "DefaultDispatcher-worker-3" daemon [_thread_blocked, id=13508, stack(0x0000009edf900000,0x0000009edfa00000)]
  0x00000203b45a6d50 JavaThread "kotlinx.coroutines.DefaultExecutor" daemon [_thread_blocked, id=13404, stack(0x0000009edfa00000,0x0000009edfb00000)]
  0x00000203b45a6880 JavaThread "Reference Cleaner" daemon [_thread_blocked, id=1396, stack(0x0000009edfb00000,0x0000009edfc00000)]
  0x00000203b45a7220 JavaThread "SIGINT handler" daemon [_thread_blocked, id=5600, stack(0x0000009edc800000,0x0000009edc900000)]
  0x00000203b45a8a30 JavaThread "ToolkitShutdown" daemon [_thread_in_native, id=7548, stack(0x0000009edcd00000,0x0000009edce00000)]

Other Threads:
  0x00000203afa30eb0 VMThread "VM Thread" [stack: 0x0000009edbd00000,0x0000009edbe00000] [id=12912]
  0x00000203b39c3340 WatcherThread [stack: 0x0000009edd100000,0x0000009edd200000] [id=12444]
  0x000002038362dac0 GCTaskThread "GC Thread#0" [stack: 0x0000009edb800000,0x0000009edb900000] [id=15468]
  0x00000203b3eaf750 GCTaskThread "GC Thread#1" [stack: 0x0000009edd600000,0x0000009edd700000] [id=14008]
  0x00000203b3e66da0 GCTaskThread "GC Thread#2" [stack: 0x0000009edd700000,0x0000009edd800000] [id=14444]
  0x00000203b3e67050 GCTaskThread "GC Thread#3" [stack: 0x0000009edd800000,0x0000009edd900000] [id=14064]
  0x00000203b3e6dfc0 GCTaskThread "GC Thread#4" [stack: 0x0000009edd900000,0x0000009edda00000] [id=15440]
  0x00000203b3e6e270 GCTaskThread "GC Thread#5" [stack: 0x0000009edda00000,0x0000009eddb00000] [id=5220]
  0x00000203b3e65060 GCTaskThread "GC Thread#6" [stack: 0x0000009eddb00000,0x0000009eddc00000] [id=3960]
  0x00000203b3e65310 GCTaskThread "GC Thread#7" [stack: 0x0000009eddc00000,0x0000009eddd00000] [id=14524]
  0x00000203b3e659d0 GCTaskThread "GC Thread#8" [stack: 0x0000009eddd00000,0x0000009edde00000] [id=2116]
  0x00000203b3eeb760 GCTaskThread "GC Thread#9" [stack: 0x0000009edde00000,0x0000009eddf00000] [id=6620]
  0x00000203b3eeba10 GCTaskThread "GC Thread#10" [stack: 0x0000009eddf00000,0x0000009ede000000] [id=16524]
  0x00000203b3eebcc0 GCTaskThread "GC Thread#11" [stack: 0x0000009ede000000,0x0000009ede100000] [id=3388]
  0x00000203b3f23350 GCTaskThread "GC Thread#12" [stack: 0x0000009ede100000,0x0000009ede200000] [id=3248]
  0x000002038363e5f0 ConcurrentGCThread "G1 Main Marker" [stack: 0x0000009edb900000,0x0000009edba00000] [id=15612]
  0x00000203af880080 ConcurrentGCThread "G1 Conc#0" [stack: 0x0000009edba00000,0x0000009edbb00000] [id=14408]
  0x00000203af96eba0 ConcurrentGCThread "G1 Refine#0" [stack: 0x0000009edbb00000,0x0000009edbc00000] [id=15200]
  0x00000203af971080 ConcurrentGCThread "G1 Service" [stack: 0x0000009edbc00000,0x0000009edbd00000] [id=2472]

Threads with active compile tasks:
C2 CompilerThread0    51820 1387       4       jdk.internal.loader.URLClassPath::getResource (74 bytes)

VM state: not at safepoint (normal execution)

VM Mutex/Monitor currently owned by a thread: None

Heap address: 0x0000000600c00000, size: 8180 MB, Compressed Oops mode: Zero based, Oop shift amount: 3

CDS archive(s) mapped at: [0x0000000800000000-0x0000000800bc0000-0x0000000800bc0000), size 12320768, SharedBaseAddress: 0x0000000800000000, ArchiveRelocationMode: 0.
Compressed class space mapped at: 0x0000000800c00000-0x0000000840c00000, reserved size: 1073741824
Narrow klass base: 0x0000000800000000, Narrow klass shift: 0, Narrow klass range: 0x100000000

GC Precious Log:
 CPUs: 16 total, 16 available
 Memory: 32718M
 Large Page Support: Disabled
 NUMA Support: Disabled
 Compressed Oops: Enabled (Zero based)
 Heap Region Size: 4M
 Heap Min Capacity: 8M
 Heap Initial Capacity: 512M
 Heap Max Capacity: 8180M
 Pre-touch: Disabled
 Parallel Workers: 13
 Concurrent Workers: 3
 Concurrent Refinement Workers: 13
 Periodic GC: Disabled

Heap:
 garbage-first heap   total 524288K, used 37490K [0x0000000600c00000, 0x0000000800000000)
  region size 4096K, 10 young (40960K), 1 survivors (4096K)
 Metaspace       used 16597K, committed 16768K, reserved 1064960K
  class space    used 1732K, committed 1792K, reserved 1048576K

Heap Regions: E=young(eden), S=young(survivor), O=old, HS=humongous(starts), HC=humongous(continues), CS=collection set, F=free, OA=open archive, CA=closed archive, TAMS=top-at-mark-start (previous, next)
|   0|0x0000000600c00000, 0x0000000600f45200, 0x0000000601000000| 81%| O|  |TAMS 0x0000000600c00000, 0x0000000600c00000| Untracked 
|   1|0x0000000601000000, 0x0000000601000000, 0x0000000601400000|  0%| F|  |TAMS 0x0000000601000000, 0x0000000601000000| Untracked 
|   2|0x0000000601400000, 0x0000000601400000, 0x0000000601800000|  0%| F|  |TAMS 0x0000000601400000, 0x0000000601400000| Untracked 
|   3|0x0000000601800000, 0x0000000601800000, 0x0000000601c00000|  0%| F|  |TAMS 0x0000000601800000, 0x0000000601800000| Untracked 
|   4|0x0000000601c00000, 0x0000000601c00000, 0x0000000602000000|  0%| F|  |TAMS 0x0000000601c00000, 0x0000000601c00000| Untracked 
|   5|0x0000000602000000, 0x0000000602000000, 0x0000000602400000|  0%| F|  |TAMS 0x0000000602000000, 0x0000000602000000| Untracked 
|   6|0x0000000602400000, 0x0000000602400000, 0x0000000602800000|  0%| F|  |TAMS 0x0000000602400000, 0x0000000602400000| Untracked 
|   7|0x0000000602800000, 0x0000000602800000, 0x0000000602c00000|  0%| F|  |TAMS 0x0000000602800000, 0x0000000602800000| Untracked 
|   8|0x0000000602c00000, 0x0000000602c00000, 0x0000000603000000|  0%| F|  |TAMS 0x0000000602c00000, 0x0000000602c00000| Untracked 
|   9|0x0000000603000000, 0x0000000603000000, 0x0000000603400000|  0%| F|  |TAMS 0x0000000603000000, 0x0000000603000000| Untracked 
|  10|0x0000000603400000, 0x0000000603400000, 0x0000000603800000|  0%| F|  |TAMS 0x0000000603400000, 0x0000000603400000| Untracked 
|  11|0x0000000603800000, 0x0000000603800000, 0x0000000603c00000|  0%| F|  |TAMS 0x0000000603800000, 0x0000000603800000| Untracked 
|  12|0x0000000603c00000, 0x0000000603c00000, 0x0000000604000000|  0%| F|  |TAMS 0x0000000603c00000, 0x0000000603c00000| Untracked 
|  13|0x0000000604000000, 0x0000000604000000, 0x0000000604400000|  0%| F|  |TAMS 0x0000000604000000, 0x0000000604000000| Untracked 
|  14|0x0000000604400000, 0x0000000604400000, 0x0000000604800000|  0%| F|  |TAMS 0x0000000604400000, 0x0000000604400000| Untracked 
|  15|0x0000000604800000, 0x0000000604800000, 0x0000000604c00000|  0%| F|  |TAMS 0x0000000604800000, 0x0000000604800000| Untracked 
|  16|0x0000000604c00000, 0x0000000604c00000, 0x0000000605000000|  0%| F|  |TAMS 0x0000000604c00000, 0x0000000604c00000| Untracked 
|  17|0x0000000605000000, 0x0000000605000000, 0x0000000605400000|  0%| F|  |TAMS 0x0000000605000000, 0x0000000605000000| Untracked 
|  18|0x0000000605400000, 0x0000000605400000, 0x0000000605800000|  0%| F|  |TAMS 0x0000000605400000, 0x0000000605400000| Untracked 
|  19|0x0000000605800000, 0x0000000605800000, 0x0000000605c00000|  0%| F|  |TAMS 0x0000000605800000, 0x0000000605800000| Untracked 
|  20|0x0000000605c00000, 0x0000000605c00000, 0x0000000606000000|  0%| F|  |TAMS 0x0000000605c00000, 0x0000000605c00000| Untracked 
|  21|0x0000000606000000, 0x0000000606000000, 0x0000000606400000|  0%| F|  |TAMS 0x0000000606000000, 0x0000000606000000| Untracked 
|  22|0x0000000606400000, 0x0000000606400000, 0x0000000606800000|  0%| F|  |TAMS 0x0000000606400000, 0x0000000606400000| Untracked 
|  23|0x0000000606800000, 0x0000000606800000, 0x0000000606c00000|  0%| F|  |TAMS 0x0000000606800000, 0x0000000606800000| Untracked 
|  24|0x0000000606c00000, 0x0000000606c00000, 0x0000000607000000|  0%| F|  |TAMS 0x0000000606c00000, 0x0000000606c00000| Untracked 
|  25|0x0000000607000000, 0x0000000607000000, 0x0000000607400000|  0%| F|  |TAMS 0x0000000607000000, 0x0000000607000000| Untracked 
|  26|0x0000000607400000, 0x0000000607400000, 0x0000000607800000|  0%| F|  |TAMS 0x0000000607400000, 0x0000000607400000| Untracked 
|  27|0x0000000607800000, 0x0000000607800000, 0x0000000607c00000|  0%| F|  |TAMS 0x0000000607800000, 0x0000000607800000| Untracked 
|  28|0x0000000607c00000, 0x0000000607c00000, 0x0000000608000000|  0%| F|  |TAMS 0x0000000607c00000, 0x0000000607c00000| Untracked 
|  29|0x0000000608000000, 0x0000000608000000, 0x0000000608400000|  0%| F|  |TAMS 0x0000000608000000, 0x0000000608000000| Untracked 
|  30|0x0000000608400000, 0x0000000608400000, 0x0000000608800000|  0%| F|  |TAMS 0x0000000608400000, 0x0000000608400000| Untracked 
|  31|0x0000000608800000, 0x0000000608800000, 0x0000000608c00000|  0%| F|  |TAMS 0x0000000608800000, 0x0000000608800000| Untracked 
|  32|0x0000000608c00000, 0x0000000608c00000, 0x0000000609000000|  0%| F|  |TAMS 0x0000000608c00000, 0x0000000608c00000| Untracked 
|  33|0x0000000609000000, 0x0000000609000000, 0x0000000609400000|  0%| F|  |TAMS 0x0000000609000000, 0x0000000609000000| Untracked 
|  34|0x0000000609400000, 0x0000000609400000, 0x0000000609800000|  0%| F|  |TAMS 0x0000000609400000, 0x0000000609400000| Untracked 
|  35|0x0000000609800000, 0x0000000609800000, 0x0000000609c00000|  0%| F|  |TAMS 0x0000000609800000, 0x0000000609800000| Untracked 
|  36|0x0000000609c00000, 0x0000000609c00000, 0x000000060a000000|  0%| F|  |TAMS 0x0000000609c00000, 0x0000000609c00000| Untracked 
|  37|0x000000060a000000, 0x000000060a000000, 0x000000060a400000|  0%| F|  |TAMS 0x000000060a000000, 0x000000060a000000| Untracked 
|  38|0x000000060a400000, 0x000000060a400000, 0x000000060a800000|  0%| F|  |TAMS 0x000000060a400000, 0x000000060a400000| Untracked 
|  39|0x000000060a800000, 0x000000060a800000, 0x000000060ac00000|  0%| F|  |TAMS 0x000000060a800000, 0x000000060a800000| Untracked 
|  40|0x000000060ac00000, 0x000000060ac00000, 0x000000060b000000|  0%| F|  |TAMS 0x000000060ac00000, 0x000000060ac00000| Untracked 
|  41|0x000000060b000000, 0x000000060b000000, 0x000000060b400000|  0%| F|  |TAMS 0x000000060b000000, 0x000000060b000000| Untracked 
|  42|0x000000060b400000, 0x000000060b400000, 0x000000060b800000|  0%| F|  |TAMS 0x000000060b400000, 0x000000060b400000| Untracked 
|  43|0x000000060b800000, 0x000000060b800000, 0x000000060bc00000|  0%| F|  |TAMS 0x000000060b800000, 0x000000060b800000| Untracked 
|  44|0x000000060bc00000, 0x000000060bc00000, 0x000000060c000000|  0%| F|  |TAMS 0x000000060bc00000, 0x000000060bc00000| Untracked 
|  45|0x000000060c000000, 0x000000060c000000, 0x000000060c400000|  0%| F|  |TAMS 0x000000060c000000, 0x000000060c000000| Untracked 
|  46|0x000000060c400000, 0x000000060c400000, 0x000000060c800000|  0%| F|  |TAMS 0x000000060c400000, 0x000000060c400000| Untracked 
|  47|0x000000060c800000, 0x000000060c800000, 0x000000060cc00000|  0%| F|  |TAMS 0x000000060c800000, 0x000000060c800000| Untracked 
|  48|0x000000060cc00000, 0x000000060cc00000, 0x000000060d000000|  0%| F|  |TAMS 0x000000060cc00000, 0x000000060cc00000| Untracked 
|  49|0x000000060d000000, 0x000000060d000000, 0x000000060d400000|  0%| F|  |TAMS 0x000000060d000000, 0x000000060d000000| Untracked 
|  50|0x000000060d400000, 0x000000060d400000, 0x000000060d800000|  0%| F|  |TAMS 0x000000060d400000, 0x000000060d400000| Untracked 
|  51|0x000000060d800000, 0x000000060d800000, 0x000000060dc00000|  0%| F|  |TAMS 0x000000060d800000, 0x000000060d800000| Untracked 
|  52|0x000000060dc00000, 0x000000060dc00000, 0x000000060e000000|  0%| F|  |TAMS 0x000000060dc00000, 0x000000060dc00000| Untracked 
|  53|0x000000060e000000, 0x000000060e000000, 0x000000060e400000|  0%| F|  |TAMS 0x000000060e000000, 0x000000060e000000| Untracked 
|  54|0x000000060e400000, 0x000000060e400000, 0x000000060e800000|  0%| F|  |TAMS 0x000000060e400000, 0x000000060e400000| Untracked 
|  55|0x000000060e800000, 0x000000060e800000, 0x000000060ec00000|  0%| F|  |TAMS 0x000000060e800000, 0x000000060e800000| Untracked 
|  56|0x000000060ec00000, 0x000000060ec00000, 0x000000060f000000|  0%| F|  |TAMS 0x000000060ec00000, 0x000000060ec00000| Untracked 
|  57|0x000000060f000000, 0x000000060f000000, 0x000000060f400000|  0%| F|  |TAMS 0x000000060f000000, 0x000000060f000000| Untracked 
|  58|0x000000060f400000, 0x000000060f400000, 0x000000060f800000|  0%| F|  |TAMS 0x000000060f400000, 0x000000060f400000| Untracked 
|  59|0x000000060f800000, 0x000000060f800000, 0x000000060fc00000|  0%| F|  |TAMS 0x000000060f800000, 0x000000060f800000| Untracked 
|  60|0x000000060fc00000, 0x000000060fc00000, 0x0000000610000000|  0%| F|  |TAMS 0x000000060fc00000, 0x000000060fc00000| Untracked 
|  61|0x0000000610000000, 0x0000000610000000, 0x0000000610400000|  0%| F|  |TAMS 0x0000000610000000, 0x0000000610000000| Untracked 
|  62|0x0000000610400000, 0x0000000610400000, 0x0000000610800000|  0%| F|  |TAMS 0x0000000610400000, 0x0000000610400000| Untracked 
|  63|0x0000000610800000, 0x0000000610800000, 0x0000000610c00000|  0%| F|  |TAMS 0x0000000610800000, 0x0000000610800000| Untracked 
|  64|0x0000000610c00000, 0x0000000610c00000, 0x0000000611000000|  0%| F|  |TAMS 0x0000000610c00000, 0x0000000610c00000| Untracked 
|  65|0x0000000611000000, 0x0000000611000000, 0x0000000611400000|  0%| F|  |TAMS 0x0000000611000000, 0x0000000611000000| Untracked 
|  66|0x0000000611400000, 0x0000000611400000, 0x0000000611800000|  0%| F|  |TAMS 0x0000000611400000, 0x0000000611400000| Untracked 
|  67|0x0000000611800000, 0x0000000611800000, 0x0000000611c00000|  0%| F|  |TAMS 0x0000000611800000, 0x0000000611800000| Untracked 
|  68|0x0000000611c00000, 0x0000000611c00000, 0x0000000612000000|  0%| F|  |TAMS 0x0000000611c00000, 0x0000000611c00000| Untracked 
|  69|0x0000000612000000, 0x0000000612000000, 0x0000000612400000|  0%| F|  |TAMS 0x0000000612000000, 0x0000000612000000| Untracked 
|  70|0x0000000612400000, 0x0000000612400000, 0x0000000612800000|  0%| F|  |TAMS 0x0000000612400000, 0x0000000612400000| Untracked 
|  71|0x0000000612800000, 0x0000000612800000, 0x0000000612c00000|  0%| F|  |TAMS 0x0000000612800000, 0x0000000612800000| Untracked 
|  72|0x0000000612c00000, 0x0000000612c00000, 0x0000000613000000|  0%| F|  |TAMS 0x0000000612c00000, 0x0000000612c00000| Untracked 
|  73|0x0000000613000000, 0x0000000613000000, 0x0000000613400000|  0%| F|  |TAMS 0x0000000613000000, 0x0000000613000000| Untracked 
|  74|0x0000000613400000, 0x0000000613400000, 0x0000000613800000|  0%| F|  |TAMS 0x0000000613400000, 0x0000000613400000| Untracked 
|  75|0x0000000613800000, 0x0000000613800000, 0x0000000613c00000|  0%| F|  |TAMS 0x0000000613800000, 0x0000000613800000| Untracked 
|  76|0x0000000613c00000, 0x0000000613c00000, 0x0000000614000000|  0%| F|  |TAMS 0x0000000613c00000, 0x0000000613c00000| Untracked 
|  77|0x0000000614000000, 0x0000000614000000, 0x0000000614400000|  0%| F|  |TAMS 0x0000000614000000, 0x0000000614000000| Untracked 
|  78|0x0000000614400000, 0x0000000614400000, 0x0000000614800000|  0%| F|  |TAMS 0x0000000614400000, 0x0000000614400000| Untracked 
|  79|0x0000000614800000, 0x0000000614800000, 0x0000000614c00000|  0%| F|  |TAMS 0x0000000614800000, 0x0000000614800000| Untracked 
|  80|0x0000000614c00000, 0x0000000614c00000, 0x0000000615000000|  0%| F|  |TAMS 0x0000000614c00000, 0x0000000614c00000| Untracked 
|  81|0x0000000615000000, 0x0000000615000000, 0x0000000615400000|  0%| F|  |TAMS 0x0000000615000000, 0x0000000615000000| Untracked 
|  82|0x0000000615400000, 0x0000000615400000, 0x0000000615800000|  0%| F|  |TAMS 0x0000000615400000, 0x0000000615400000| Untracked 
|  83|0x0000000615800000, 0x0000000615800000, 0x0000000615c00000|  0%| F|  |TAMS 0x0000000615800000, 0x0000000615800000| Untracked 
|  84|0x0000000615c00000, 0x0000000615c00000, 0x0000000616000000|  0%| F|  |TAMS 0x0000000615c00000, 0x0000000615c00000| Untracked 
|  85|0x0000000616000000, 0x0000000616000000, 0x0000000616400000|  0%| F|  |TAMS 0x0000000616000000, 0x0000000616000000| Untracked 
|  86|0x0000000616400000, 0x0000000616400000, 0x0000000616800000|  0%| F|  |TAMS 0x0000000616400000, 0x0000000616400000| Untracked 
|  87|0x0000000616800000, 0x0000000616800000, 0x0000000616c00000|  0%| F|  |TAMS 0x0000000616800000, 0x0000000616800000| Untracked 
|  88|0x0000000616c00000, 0x0000000616c00000, 0x0000000617000000|  0%| F|  |TAMS 0x0000000616c00000, 0x0000000616c00000| Untracked 
|  89|0x0000000617000000, 0x0000000617000000, 0x0000000617400000|  0%| F|  |TAMS 0x0000000617000000, 0x0000000617000000| Untracked 
|  90|0x0000000617400000, 0x0000000617400000, 0x0000000617800000|  0%| F|  |TAMS 0x0000000617400000, 0x0000000617400000| Untracked 
|  91|0x0000000617800000, 0x0000000617800000, 0x0000000617c00000|  0%| F|  |TAMS 0x0000000617800000, 0x0000000617800000| Untracked 
|  92|0x0000000617c00000, 0x0000000617c00000, 0x0000000618000000|  0%| F|  |TAMS 0x0000000617c00000, 0x0000000617c00000| Untracked 
|  93|0x0000000618000000, 0x0000000618000000, 0x0000000618400000|  0%| F|  |TAMS 0x0000000618000000, 0x0000000618000000| Untracked 
|  94|0x0000000618400000, 0x0000000618400000, 0x0000000618800000|  0%| F|  |TAMS 0x0000000618400000, 0x0000000618400000| Untracked 
|  95|0x0000000618800000, 0x0000000618800000, 0x0000000618c00000|  0%| F|  |TAMS 0x0000000618800000, 0x0000000618800000| Untracked 
|  96|0x0000000618c00000, 0x0000000618c00000, 0x0000000619000000|  0%| F|  |TAMS 0x0000000618c00000, 0x0000000618c00000| Untracked 
|  97|0x0000000619000000, 0x0000000619000000, 0x0000000619400000|  0%| F|  |TAMS 0x0000000619000000, 0x0000000619000000| Untracked 
|  98|0x0000000619400000, 0x0000000619400000, 0x0000000619800000|  0%| F|  |TAMS 0x0000000619400000, 0x0000000619400000| Untracked 
|  99|0x0000000619800000, 0x0000000619800000, 0x0000000619c00000|  0%| F|  |TAMS 0x0000000619800000, 0x0000000619800000| Untracked 
| 100|0x0000000619c00000, 0x0000000619c00000, 0x000000061a000000|  0%| F|  |TAMS 0x0000000619c00000, 0x0000000619c00000| Untracked 
| 101|0x000000061a000000, 0x000000061a000000, 0x000000061a400000|  0%| F|  |TAMS 0x000000061a000000, 0x000000061a000000| Untracked 
| 102|0x000000061a400000, 0x000000061a400000, 0x000000061a800000|  0%| F|  |TAMS 0x000000061a400000, 0x000000061a400000| Untracked 
| 103|0x000000061a800000, 0x000000061a800000, 0x000000061ac00000|  0%| F|  |TAMS 0x000000061a800000, 0x000000061a800000| Untracked 
| 104|0x000000061ac00000, 0x000000061ac00000, 0x000000061b000000|  0%| F|  |TAMS 0x000000061ac00000, 0x000000061ac00000| Untracked 
| 105|0x000000061b000000, 0x000000061b000000, 0x000000061b400000|  0%| F|  |TAMS 0x000000061b000000, 0x000000061b000000| Untracked 
| 106|0x000000061b400000, 0x000000061b400000, 0x000000061b800000|  0%| F|  |TAMS 0x000000061b400000, 0x000000061b400000| Untracked 
| 107|0x000000061b800000, 0x000000061b800000, 0x000000061bc00000|  0%| F|  |TAMS 0x000000061b800000, 0x000000061b800000| Untracked 
| 108|0x000000061bc00000, 0x000000061bc00000, 0x000000061c000000|  0%| F|  |TAMS 0x000000061bc00000, 0x000000061bc00000| Untracked 
| 109|0x000000061c000000, 0x000000061c000000, 0x000000061c400000|  0%| F|  |TAMS 0x000000061c000000, 0x000000061c000000| Untracked 
| 110|0x000000061c400000, 0x000000061c400000, 0x000000061c800000|  0%| F|  |TAMS 0x000000061c400000, 0x000000061c400000| Untracked 
| 111|0x000000061c800000, 0x000000061c800000, 0x000000061cc00000|  0%| F|  |TAMS 0x000000061c800000, 0x000000061c800000| Untracked 
| 112|0x000000061cc00000, 0x000000061cc00000, 0x000000061d000000|  0%| F|  |TAMS 0x000000061cc00000, 0x000000061cc00000| Untracked 
| 113|0x000000061d000000, 0x000000061d000000, 0x000000061d400000|  0%| F|  |TAMS 0x000000061d000000, 0x000000061d000000| Untracked 
| 114|0x000000061d400000, 0x000000061d400000, 0x000000061d800000|  0%| F|  |TAMS 0x000000061d400000, 0x000000061d400000| Untracked 
| 115|0x000000061d800000, 0x000000061d800000, 0x000000061dc00000|  0%| F|  |TAMS 0x000000061d800000, 0x000000061d800000| Untracked 
| 116|0x000000061dc00000, 0x000000061dc00000, 0x000000061e000000|  0%| F|  |TAMS 0x000000061dc00000, 0x000000061dc00000| Untracked 
| 117|0x000000061e000000, 0x000000061e000000, 0x000000061e400000|  0%| F|  |TAMS 0x000000061e000000, 0x000000061e000000| Untracked 
| 118|0x000000061e400000, 0x000000061e800000, 0x000000061e800000|100%| E|  |TAMS 0x000000061e400000, 0x000000061e400000| Complete 
| 119|0x000000061e800000, 0x000000061e957740, 0x000000061ec00000| 33%| S|CS|TAMS 0x000000061e800000, 0x000000061e800000| Complete 
| 120|0x000000061ec00000, 0x000000061f000000, 0x000000061f000000|100%| E|CS|TAMS 0x000000061ec00000, 0x000000061ec00000| Complete 
| 121|0x000000061f000000, 0x000000061f400000, 0x000000061f400000|100%| E|CS|TAMS 0x000000061f000000, 0x000000061f000000| Complete 
| 122|0x000000061f400000, 0x000000061f800000, 0x000000061f800000|100%| E|CS|TAMS 0x000000061f400000, 0x000000061f400000| Complete 
| 123|0x000000061f800000, 0x000000061fc00000, 0x000000061fc00000|100%| E|CS|TAMS 0x000000061f800000, 0x000000061f800000| Complete 
| 124|0x000000061fc00000, 0x0000000620000000, 0x0000000620000000|100%| E|CS|TAMS 0x000000061fc00000, 0x000000061fc00000| Complete 
| 125|0x0000000620000000, 0x0000000620400000, 0x0000000620400000|100%| E|CS|TAMS 0x0000000620000000, 0x0000000620000000| Complete 
| 126|0x0000000620400000, 0x0000000620800000, 0x0000000620800000|100%| E|CS|TAMS 0x0000000620400000, 0x0000000620400000| Complete 
| 127|0x0000000620800000, 0x0000000620c00000, 0x0000000620c00000|100%| E|CS|TAMS 0x0000000620800000, 0x0000000620800000| Complete 

Card table byte_map: [0x000002039d810000,0x000002039e810000] _byte_map_base: 0x000002039a80a000

Marking Bits (Prev, Next): (CMBitMap*) 0x000002038362df70, (CMBitMap*) 0x000002038362dfb0
 Prev Bits: [0x000002039f810000, 0x00000203a77e0000)
 Next Bits: [0x00000203a77e0000, 0x00000203af7b0000)

Polling page: 0x000002038c820000

Metaspace:

Usage:
  Non-class:     14.52 MB used.
      Class:      1.69 MB used.
       Both:     16.21 MB used.

Virtual space:
  Non-class space:       16.00 MB reserved,      14.63 MB ( 91%) committed,  2 nodes.
      Class space:        1.00 GB reserved,       1.75 MB ( <1%) committed,  1 nodes.
             Both:        1.02 GB reserved,      16.38 MB (  2%) committed. 

Chunk freelists:
   Non-Class:  1.02 MB
       Class:  2.14 MB
        Both:  3.16 MB

MaxMetaspaceSize: unlimited
CompressedClassSpaceSize: 1.00 GB
Initial GC threshold: 21.00 MB
Current GC threshold: 21.00 MB
CDS: on
MetaspaceReclaimPolicy: balanced
 - commit_granule_bytes: 65536.
 - commit_granule_words: 8192.
 - virtual_space_node_default_size: 1048576.
 - enlarge_chunks_in_place: 1.
 - new_chunks_are_fully_committed: 0.
 - uncommit_free_chunks: 1.
 - use_allocation_guard: 0.
 - handle_deallocations: 1.


Internal statistics:

num_allocs_failed_limit: 0.
num_arena_births: 126.
num_arena_deaths: 0.
num_vsnodes_births: 3.
num_vsnodes_deaths: 0.
num_space_committed: 262.
num_space_uncommitted: 0.
num_chunks_returned_to_freelist: 0.
num_chunks_taken_from_freelist: 483.
num_chunk_merges: 0.
num_chunk_splits: 390.
num_chunks_enlarged: 336.
num_purges: 0.
num_inconsistent_stats: 0.

CodeHeap 'non-profiled nmethods': size=119168Kb used=532Kb max_used=532Kb free=118635Kb
 bounds [0x00000203943e0000, 0x0000020394650000, 0x000002039b840000]
CodeHeap 'profiled nmethods': size=119104Kb used=2512Kb max_used=2512Kb free=116591Kb
 bounds [0x000002038cf90000, 0x000002038d210000, 0x00000203943e0000]
CodeHeap 'non-nmethods': size=7488Kb used=1596Kb max_used=3201Kb free=5891Kb
 bounds [0x000002038c840000, 0x000002038cb70000, 0x000002038cf90000]
 total_blobs=2279 nmethods=1398 adapters=792
 compilation: enabled
              stopped_count=0, restarted_count=0
 full_count=0

Compilation events (20 events):
Event: 51.785 Thread 0x00000203afa67020 1392       3       org.jetbrains.skia.impl.Stats::onNativeCall (17 bytes)
Event: 51.786 Thread 0x00000203afa67020 nmethod 1392 0x000002038d200b90 code [0x000002038d200d20, 0x000002038d200e98]
Event: 51.786 Thread 0x00000203afa67020 1393       1       androidx.compose.ui.node.LayoutNode::getDensity (5 bytes)
Event: 51.786 Thread 0x00000203afa67020 nmethod 1393 0x0000020394464610 code [0x00000203944647a0, 0x0000020394464878]
Event: 51.786 Thread 0x00000203afa67020 1394       3       org.jetbrains.skia.impl.Native_jvmKt::reachabilityBarrier (5 bytes)
Event: 51.786 Thread 0x00000203afa67020 nmethod 1394 0x000002038d200f10 code [0x000002038d2010a0, 0x000002038d2011d8]
Event: 51.786 Thread 0x00000203afa67020 1395       3       java.util.HashMap::putVal (300 bytes)
Event: 51.787 Thread 0x00000203afa67020 nmethod 1395 0x000002038d201290 code [0x000002038d201540, 0x000002038d202838]
Event: 51.787 Thread 0x00000203afa67020 1396       3       androidx.compose.ui.geometry.Offset::getX-impl (52 bytes)
Event: 51.787 Thread 0x00000203afa67020 nmethod 1396 0x000002038d202e90 code [0x000002038d203040, 0x000002038d203328]
Event: 51.787 Thread 0x00000203afa67020 1397       3       androidx.compose.ui.geometry.Offset::getY-impl (53 bytes)
Event: 51.787 Thread 0x00000203afa67020 nmethod 1397 0x000002038d203490 code [0x000002038d203640, 0x000002038d203928]
Event: 51.787 Thread 0x00000203afa67020 1399       3       algorithms.Vertex::equals (30 bytes)
Event: 51.788 Thread 0x00000203afa67020 nmethod 1399 0x000002038d203a90 code [0x000002038d203c60, 0x000002038d204168]
Event: 51.788 Thread 0x00000203afa67020 1398       1       java.lang.Long::longValue (5 bytes)
Event: 51.788 Thread 0x00000203afa67020 nmethod 1398 0x0000020394464910 code [0x0000020394464aa0, 0x0000020394464b78]
Event: 51.788 Thread 0x00000203afa67020 1400       1       kotlin.jvm.internal.ClassReference::getJClass (5 bytes)
Event: 51.788 Thread 0x00000203afa67020 nmethod 1400 0x0000020394464c10 code [0x0000020394464da0, 0x0000020394464e78]
Event: 51.791 Thread 0x00000203afa67020 1401       1       org.jetbrains.skia.impl.CleanableImpl::setPrev (6 bytes)
Event: 51.791 Thread 0x00000203afa67020 nmethod 1401 0x0000020394464f10 code [0x00000203944650a0, 0x00000203944651b8]

GC Heap History (4 events):
Event: 0.389 GC heap before
{Heap before GC invocations=0 (full 0):
 garbage-first heap   total 524288K, used 24576K [0x0000000600c00000, 0x0000000800000000)
  region size 4096K, 6 young (24576K), 0 survivors (0K)
 Metaspace       used 5557K, committed 5760K, reserved 1056768K
  class space    used 503K, committed 576K, reserved 1048576K
}
Event: 0.392 GC heap after
{Heap after GC invocations=1 (full 0):
 garbage-first heap   total 524288K, used 3577K [0x0000000600c00000, 0x0000000800000000)
  region size 4096K, 1 young (4096K), 1 survivors (4096K)
 Metaspace       used 5557K, committed 5760K, reserved 1056768K
  class space    used 503K, committed 576K, reserved 1048576K
}
Event: 0.817 GC heap before
{Heap before GC invocations=1 (full 0):
 garbage-first heap   total 524288K, used 32249K [0x0000000600c00000, 0x0000000800000000)
  region size 4096K, 8 young (32768K), 1 survivors (4096K)
 Metaspace       used 12781K, committed 12992K, reserved 1064960K
  class space    used 1305K, committed 1408K, reserved 1048576K
}
Event: 0.820 GC heap after
{Heap after GC invocations=2 (full 0):
 garbage-first heap   total 524288K, used 4722K [0x0000000600c00000, 0x0000000800000000)
  region size 4096K, 1 young (4096K), 1 survivors (4096K)
 Metaspace       used 12781K, committed 12992K, reserved 1064960K
  class space    used 1305K, committed 1408K, reserved 1048576K
}

Dll operation events (12 events):
Event: 0.012 Loaded shared library C:\Users\natan\.jdks\corretto-17.0.5-1\bin\java.dll
Event: 0.013 Loaded shared library C:\Users\natan\.jdks\corretto-17.0.5-1\bin\zip.dll
Event: 0.019 Loaded shared library C:\Users\natan\.jdks\corretto-17.0.5-1\bin\jsvml.dll
Event: 0.099 Loaded shared library C:\Users\natan\.jdks\corretto-17.0.5-1\bin\instrument.dll
Event: 0.104 Loaded shared library C:\Users\natan\.jdks\corretto-17.0.5-1\bin\net.dll
Event: 0.105 Loaded shared library C:\Users\natan\.jdks\corretto-17.0.5-1\bin\nio.dll
Event: 0.109 Loaded shared library C:\Users\natan\.jdks\corretto-17.0.5-1\bin\zip.dll
Event: 0.133 Loaded shared library C:\Users\natan\.jdks\corretto-17.0.5-1\bin\jimage.dll
Event: 0.277 Loaded shared library C:\Users\natan\.jdks\corretto-17.0.5-1\bin\awt.dll
Event: 0.591 Loaded shared library C:\Users\natan\.skiko\6dade51938093e8778af803828dc0de1c163aafae3653774958338cc096b3d01\skiko-windows-x64.dll
Event: 0.676 Loaded shared library C:\Users\natan\.jdks\corretto-17.0.5-1\bin\freetype.dll
Event: 0.677 Loaded shared library C:\Users\natan\.jdks\corretto-17.0.5-1\bin\fontmanager.dll

Deoptimization events (20 events):
Event: 0.956 Thread 0x00000203b3e2c990 Uncommon trap: trap_request=0xffffffde fr.pc=0x000002039445a078 relative=0x00000000000018b8
Event: 0.956 Thread 0x00000203b3e2c990 Uncommon trap: reason=class_check action=maybe_recompile pc=0x000002039445a078 method=java.util.HashMap.putVal(ILjava/lang/Object;Ljava/lang/Object;ZZ)Ljava/lang/Object; @ 203 c2
Event: 0.956 Thread 0x00000203b3e2c990 DEOPT PACKING pc=0x000002039445a078 sp=0x0000009edd5fbb90
Event: 0.956 Thread 0x00000203b3e2c990 DEOPT UNPACKING pc=0x000002038c8923a3 sp=0x0000009edd5fbb50 mode 2
Event: 51.737 Thread 0x00000203b3e2c990 Uncommon trap: trap_request=0xffffffc6 fr.pc=0x000002039445ee44 relative=0x0000000000001884
Event: 51.737 Thread 0x00000203b3e2c990 Uncommon trap: reason=bimorphic_or_optimized_type_check action=maybe_recompile pc=0x000002039445ee44 method=java.util.HashMap.putVal(ILjava/lang/Object;Ljava/lang/Object;ZZ)Ljava/lang/Object; @ 203 c2
Event: 51.737 Thread 0x00000203b3e2c990 DEOPT PACKING pc=0x000002039445ee44 sp=0x0000009edd5fb8f0
Event: 51.737 Thread 0x00000203b3e2c990 DEOPT UNPACKING pc=0x000002038c8923a3 sp=0x0000009edd5fb8b0 mode 2
Event: 51.737 Thread 0x00000203b3e2c990 Uncommon trap: trap_request=0xffffffc6 fr.pc=0x000002039445ee44 relative=0x0000000000001884
Event: 51.737 Thread 0x00000203b3e2c990 Uncommon trap: reason=bimorphic_or_optimized_type_check action=maybe_recompile pc=0x000002039445ee44 method=java.util.HashMap.putVal(ILjava/lang/Object;Ljava/lang/Object;ZZ)Ljava/lang/Object; @ 203 c2
Event: 51.737 Thread 0x00000203b3e2c990 DEOPT PACKING pc=0x000002039445ee44 sp=0x0000009edd5fb8f0
Event: 51.737 Thread 0x00000203b3e2c990 DEOPT UNPACKING pc=0x000002038c8923a3 sp=0x0000009edd5fb8b0 mode 2
Event: 51.786 Thread 0x00000203b3e2c990 Uncommon trap: trap_request=0xffffffc6 fr.pc=0x000002039445ee44 relative=0x0000000000001884
Event: 51.786 Thread 0x00000203b3e2c990 Uncommon trap: reason=bimorphic_or_optimized_type_check action=maybe_recompile pc=0x000002039445ee44 method=java.util.HashMap.putVal(ILjava/lang/Object;Ljava/lang/Object;ZZ)Ljava/lang/Object; @ 203 c2
Event: 51.786 Thread 0x00000203b3e2c990 DEOPT PACKING pc=0x000002039445ee44 sp=0x0000009edd5fb930
Event: 51.786 Thread 0x00000203b3e2c990 DEOPT UNPACKING pc=0x000002038c8923a3 sp=0x0000009edd5fb8f0 mode 2
Event: 51.786 Thread 0x00000203b3e2c990 Uncommon trap: trap_request=0xffffffc6 fr.pc=0x000002039445ee44 relative=0x0000000000001884
Event: 51.786 Thread 0x00000203b3e2c990 Uncommon trap: reason=bimorphic_or_optimized_type_check action=maybe_recompile pc=0x000002039445ee44 method=java.util.HashMap.putVal(ILjava/lang/Object;Ljava/lang/Object;ZZ)Ljava/lang/Object; @ 203 c2
Event: 51.786 Thread 0x00000203b3e2c990 DEOPT PACKING pc=0x000002039445ee44 sp=0x0000009edd5fb930
Event: 51.786 Thread 0x00000203b3e2c990 DEOPT UNPACKING pc=0x000002038c8923a3 sp=0x0000009edd5fb8f0 mode 2

Classes unloaded (0 events):
No events

Classes redefined (0 events):
No events

Internal exceptions (17 events):
Event: 0.270 Thread 0x0000020383580d40 Exception <a 'java/lang/ClassNotFoundException'{0x000000061fdfe830}: sun/awt/resources/spi/awtProvider> (0x000000061fdfe830) 
thrown [s\src\hotspot\share\classfile\systemDictionary.cpp, line 256]
Event: 0.286 Thread 0x0000020383580d40 Exception <a 'java/io/FileNotFoundException'{0x000000061fe95bf8}> (0x000000061fe95bf8) 
thrown [s\src\hotspot\share\prims\jni.cpp, line 516]
Event: 0.291 Thread 0x0000020383580d40 Exception <a 'java/io/FileNotFoundException'{0x000000061fec6e00}> (0x000000061fec6e00) 
thrown [s\src\hotspot\share\prims\jni.cpp, line 516]
Event: 0.313 Thread 0x0000020383580d40 Exception <a 'java/lang/NoSuchMethodError'{0x000000061f8d61b8}: 'java.lang.Object java.lang.invoke.DirectMethodHandle$Holder.invokeStaticInit(java.lang.Object)'> (0x000000061f8d61b8) 
thrown [s\src\hotspot\share\interpreter\linkResolver.cpp, line 759]
Event: 0.539 Thread 0x00000203b3e2c990 Exception <a 'java/lang/NoSuchMethodError'{0x000000061fc3d430}: 'void java.lang.invoke.DirectMethodHandle$Holder.invokeSpecial(java.lang.Object, java.lang.Object, java.lang.Object)'> (0x000000061fc3d430) 
thrown [s\src\hotspot\share\interpreter\linkResolver.cpp, line 759]
Event: 0.545 Thread 0x00000203b3e2c990 Exception <a 'java/lang/NoSuchMethodError'{0x000000061fcb4d58}: 'java.lang.Object java.lang.invoke.DirectMethodHandle$Holder.newInvokeSpecial(java.lang.Object, java.lang.Object, java.lang.Object, java.lang.Object, java.lang.Object)'> (0x000000061fcb4d58) 
thrown [s\src\hotspot\share\interpreter\linkResolver.cpp, line 759]
Event: 0.547 Thread 0x00000203b3e2c990 Exception <a 'java/lang/NoSuchMethodError'{0x000000061fcc09c8}: 'java.lang.Object java.lang.invoke.DirectMethodHandle$Holder.invokeStatic(java.lang.Object, int, java.lang.Object, java.lang.Object, java.lang.Object, java.lang.Object)'> (0x000000061fcc09c8) 
thrown [s\src\hotspot\share\interpreter\linkResolver.cpp, line 759]
Event: 0.550 Thread 0x00000203b3e2c990 Exception <a 'java/lang/NoSuchMethodError'{0x000000061fd2eee0}: 'java.lang.Object java.lang.invoke.DirectMethodHandle$Holder.invokeStatic(java.lang.Object, int, java.lang.Object)'> (0x000000061fd2eee0) 
thrown [s\src\hotspot\share\interpreter\linkResolver.cpp, line 759]
Event: 0.573 Thread 0x00000203b3e2c990 Exception <a 'java/lang/ClassNotFoundException'{0x000000061fe097d0}: com/sun/swing/internal/plaf/metal/resources/spi/metalProvider> (0x000000061fe097d0) 
thrown [s\src\hotspot\share\classfile\systemDictionary.cpp, line 256]
Event: 0.573 Thread 0x00000203b3e2c990 Exception <a 'java/lang/ClassNotFoundException'{0x000000061fe12d80}: com/sun/swing/internal/plaf/basic/resources/spi/basicProvider> (0x000000061fe12d80) 
thrown [s\src\hotspot\share\classfile\systemDictionary.cpp, line 256]
Event: 0.577 Thread 0x00000203b3e2c990 Implicit null exception at 0x00000203943fca58 to 0x00000203943fcaee
Event: 0.580 Thread 0x00000203b3e2c990 Implicit null exception at 0x0000020394419817 to 0x0000020394419cc4
Event: 0.580 Thread 0x00000203b3e2c990 Implicit null exception at 0x0000020394400595 to 0x0000020394400a14
Event: 0.628 Thread 0x00000203b3e2c990 Exception <a 'java/lang/NoSuchMethodError'{0x000000061fb59ce8}: 'void java.lang.invoke.DirectMethodHandle$Holder.invokeStatic(java.lang.Object, java.lang.Object, java.lang.Object)'> (0x000000061fb59ce8) 
thrown [s\src\hotspot\share\interpreter\linkResolver.cpp, line 759]
Event: 0.673 Thread 0x00000203b3e2c990 Exception <a 'java/lang/NoSuchMethodError'{0x000000061f72da28}: 'void java.lang.invoke.DirectMethodHandle$Holder.invokeStaticInit(java.lang.Object)'> (0x000000061f72da28) 
thrown [s\src\hotspot\share\interpreter\linkResolver.cpp, line 759]
Event: 0.825 Thread 0x00000203b3e2c990 Exception <a 'java/lang/NoSuchMethodError'{0x000000062088e110}: 'int java.lang.invoke.DirectMethodHandle$Holder.invokeStaticInit(java.lang.Object, java.lang.Object, java.lang.Object)'> (0x000000062088e110) 
thrown [s\src\hotspot\share\interpreter\linkResolver.cpp, line 759]
Event: 51.802 Thread 0x00000203b3e2c990 Exception <a 'java/lang/NoSuchMethodError'{0x000000061e6e8b28}: static Lorg/jetbrains/skiko/RenderExceptionsHandler;.throwException(Ljava/lang/String;)V> (0x000000061e6e8b28) 
thrown [s\src\hotspot\share\prims\jni.cpp, line 1107]

VM Operations (20 events):
Event: 2.004 Executing VM operation: get/set locals
Event: 2.005 Executing VM operation: get/set locals done
Event: 3.010 Executing VM operation: Cleanup
Event: 3.010 Executing VM operation: Cleanup done
Event: 10.806 Executing VM operation: ChangeBreakpoints
Event: 10.806 Executing VM operation: ChangeBreakpoints done
Event: 51.734 Executing VM operation: ChangeBreakpoints
Event: 51.735 Executing VM operation: ChangeBreakpoints done
Event: 51.735 Executing VM operation: ChangeBreakpoints
Event: 51.735 Executing VM operation: ChangeBreakpoints done
Event: 51.735 Executing VM operation: ChangeBreakpoints
Event: 51.735 Executing VM operation: ChangeBreakpoints done
Event: 51.735 Executing VM operation: ChangeBreakpoints
Event: 51.735 Executing VM operation: ChangeBreakpoints done
Event: 51.735 Executing VM operation: ChangeBreakpoints
Event: 51.735 Executing VM operation: ChangeBreakpoints done
Event: 51.735 Executing VM operation: ChangeBreakpoints
Event: 51.735 Executing VM operation: ChangeBreakpoints done
Event: 51.735 Executing VM operation: ChangeBreakpoints
Event: 51.735 Executing VM operation: ChangeBreakpoints done

Events (20 events):
Event: 51.783 loading class androidx/compose/ui/text/TextLayoutResult
Event: 51.783 loading class androidx/compose/ui/text/TextLayoutResult done
Event: 51.787 loading class androidx/compose/ui/node/LayoutNodeDrawScopeKt
Event: 51.787 loading class androidx/compose/ui/node/LayoutNodeDrawScopeKt done
Event: 51.787 loading class org/jetbrains/skia/Picture
Event: 51.787 loading class org/jetbrains/skia/Picture done
Event: 51.787 loading class org/jetbrains/skia/Picture$Companion
Event: 51.787 loading class org/jetbrains/skia/Picture$Companion done
Event: 51.788 loading class org/jetbrains/skiko/PictureHolder
Event: 51.788 loading class org/jetbrains/skiko/PictureHolder done
Event: 51.788 loading class org/jetbrains/skia/DirectContext
Event: 51.788 loading class org/jetbrains/skia/DirectContext done
Event: 51.788 loading class org/jetbrains/skia/DirectContext$Companion
Event: 51.788 loading class org/jetbrains/skia/DirectContext$Companion done
Event: 51.791 loading class org/jetbrains/skia/DirectContextKt
Event: 51.791 loading class org/jetbrains/skia/DirectContextKt done
Event: 51.801 loading class org/jetbrains/skiko/RenderExceptionsHandler
Event: 51.801 loading class org/jetbrains/skiko/RenderExceptionsHandler done
Event: 51.801 loading class org/jetbrains/skiko/RenderExceptionsHandler$Companion
Event: 51.801 loading class org/jetbrains/skiko/RenderExceptionsHandler$Companion done


Dynamic libraries:
0x00007ff756a70000 - 0x00007ff756a7d000 	C:\Users\natan\.jdks\corretto-17.0.5-1\bin\java.exe
0x00007ffd05f70000 - 0x00007ffd06184000 	C:\WINDOWS\SYSTEM32\ntdll.dll
0x00007ffd04b30000 - 0x00007ffd04bf2000 	C:\WINDOWS\System32\KERNEL32.DLL
0x00007ffd03510000 - 0x00007ffd038ad000 	C:\WINDOWS\System32\KERNELBASE.dll
0x00007ffd03c50000 - 0x00007ffd03d61000 	C:\WINDOWS\System32\ucrtbase.dll
0x00007ffcf6d20000 - 0x00007ffcf6d37000 	C:\Users\natan\.jdks\corretto-17.0.5-1\bin\jli.dll
0x00007ffcf6d00000 - 0x00007ffcf6d15000 	C:\Users\natan\.jdks\corretto-17.0.5-1\bin\VCRUNTIME140.dll
0x00007ffd04c00000 - 0x00007ffd04daa000 	C:\WINDOWS\System32\USER32.dll
0x00007ffd038b0000 - 0x00007ffd038d6000 	C:\WINDOWS\System32\win32u.dll
0x00007ffcee060000 - 0x00007ffcee2ee000 	C:\WINDOWS\WinSxS\amd64_microsoft.windows.common-controls_6595b64144ccf1df_6.0.22621.608_none_a9444ca7c10bb01d\COMCTL32.dll
0x00007ffd03f50000 - 0x00007ffd03f79000 	C:\WINDOWS\System32\GDI32.dll
0x00007ffd049f0000 - 0x00007ffd04a97000 	C:\WINDOWS\System32\msvcrt.dll
0x00007ffd03b30000 - 0x00007ffd03c42000 	C:\WINDOWS\System32\gdi32full.dll
0x00007ffd03a10000 - 0x00007ffd03aaa000 	C:\WINDOWS\System32\msvcp_win.dll
0x00007ffd051a0000 - 0x00007ffd051d2000 	C:\WINDOWS\System32\IMM32.DLL
0x00007ffcec7f0000 - 0x00007ffcec88b000 	C:\Users\natan\.jdks\corretto-17.0.5-1\bin\msvcp140.dll
0x00007ffc9a870000 - 0x00007ffc9b484000 	C:\Users\natan\.jdks\corretto-17.0.5-1\bin\server\jvm.dll
0x00007ffd03ea0000 - 0x00007ffd03f4e000 	C:\WINDOWS\System32\ADVAPI32.dll
0x00007ffd04070000 - 0x00007ffd04114000 	C:\WINDOWS\System32\sechost.dll
0x00007ffd057b0000 - 0x00007ffd058c5000 	C:\WINDOWS\System32\RPCRT4.dll
0x00007ffcfe320000 - 0x00007ffcfe329000 	C:\WINDOWS\SYSTEM32\WSOCK32.dll
0x00007ffcfb210000 - 0x00007ffcfb21a000 	C:\WINDOWS\SYSTEM32\VERSION.dll
0x00007ffcf90a0000 - 0x00007ffcf90d4000 	C:\WINDOWS\SYSTEM32\WINMM.dll
0x00007ffd05110000 - 0x00007ffd05181000 	C:\WINDOWS\System32\WS2_32.dll
0x00007ffd024c0000 - 0x00007ffd024d8000 	C:\WINDOWS\SYSTEM32\kernel.appcore.dll
0x00007ffcf6c90000 - 0x00007ffcf6c9a000 	C:\Users\natan\.jdks\corretto-17.0.5-1\bin\jimage.dll
0x00007ffd00c40000 - 0x00007ffd00e6e000 	C:\WINDOWS\SYSTEM32\DBGHELP.DLL
0x00007ffd05360000 - 0x00007ffd056ea000 	C:\WINDOWS\System32\combase.dll
0x00007ffd03f80000 - 0x00007ffd04057000 	C:\WINDOWS\System32\OLEAUT32.dll
0x00007ffcec890000 - 0x00007ffcec8c2000 	C:\WINDOWS\SYSTEM32\dbgcore.DLL
0x00007ffd03ab0000 - 0x00007ffd03b2b000 	C:\WINDOWS\System32\bcryptPrimitives.dll
0x00007ffcf2c40000 - 0x00007ffcf2c79000 	C:\Users\natan\.jdks\corretto-17.0.5-1\bin\jdwp.dll
0x00007ffcffc50000 - 0x00007ffcffc5e000 	C:\Users\natan\.jdks\corretto-17.0.5-1\bin\instrument.dll
0x00007ffcf2cc0000 - 0x00007ffcf2ce5000 	C:\Users\natan\.jdks\corretto-17.0.5-1\bin\java.dll
0x00007ffcf2b40000 - 0x00007ffcf2b58000 	C:\Users\natan\.jdks\corretto-17.0.5-1\bin\zip.dll
0x00007ffcd3740000 - 0x00007ffcd3816000 	C:\Users\natan\.jdks\corretto-17.0.5-1\bin\jsvml.dll
0x00007ffd04210000 - 0x00007ffd049f0000 	C:\WINDOWS\System32\SHELL32.dll
0x00007ffd013a0000 - 0x00007ffd01c65000 	C:\WINDOWS\SYSTEM32\windows.storage.dll
0x00007ffd01260000 - 0x00007ffd0139e000 	C:\WINDOWS\SYSTEM32\wintypes.dll
0x00007ffd03da0000 - 0x00007ffd03e91000 	C:\WINDOWS\System32\SHCORE.dll
0x00007ffd041a0000 - 0x00007ffd041fe000 	C:\WINDOWS\System32\shlwapi.dll
0x00007ffd032d0000 - 0x00007ffd032f1000 	C:\WINDOWS\SYSTEM32\profapi.dll
0x00007ffcfd820000 - 0x00007ffcfd82c000 	C:\Users\natan\.jdks\corretto-17.0.5-1\bin\dt_socket.dll
0x00007ffd01f30000 - 0x00007ffd01f5d000 	C:\WINDOWS\SYSTEM32\IPHLPAPI.DLL
0x00007ffd02910000 - 0x00007ffd02979000 	C:\WINDOWS\system32\mswsock.dll
0x00007ffcf2c10000 - 0x00007ffcf2c29000 	C:\Users\natan\.jdks\corretto-17.0.5-1\bin\net.dll
0x00007ffcfd0c0000 - 0x00007ffcfd1ef000 	C:\WINDOWS\SYSTEM32\WINHTTP.dll
0x00007ffcf2b60000 - 0x00007ffcf2b75000 	C:\Users\natan\.jdks\corretto-17.0.5-1\bin\nio.dll
0x00007ffcd42e0000 - 0x00007ffcd4487000 	C:\Users\natan\.jdks\corretto-17.0.5-1\bin\awt.dll
0x00007ffcffcf0000 - 0x00007ffcffd87000 	C:\WINDOWS\SYSTEM32\apphelp.dll
0x00007ffd00420000 - 0x00007ffd004cb000 	C:\WINDOWS\system32\uxtheme.dll
0x00007ffd05920000 - 0x00007ffd05a3e000 	C:\WINDOWS\System32\MSCTF.dll
0x00007ffd04f70000 - 0x00007ffd0510c000 	C:\WINDOWS\System32\ole32.dll
0x00007ffd006a0000 - 0x00007ffd006cb000 	C:\WINDOWS\system32\DWMAPI.DLL
0x00007ffcd5330000 - 0x00007ffcd5430000 	C:\WINDOWS\system32\opengl32.dll
0x00007ffcf2d50000 - 0x00007ffcf2d7d000 	C:\WINDOWS\SYSTEM32\GLU32.dll
0x00007ffd00710000 - 0x00007ffd00746000 	C:\WINDOWS\SYSTEM32\dxcore.dll
0x00007ffcf6fb0000 - 0x00007ffcf6fe0000 	C:\WINDOWS\SYSTEM32\amdihk64.dll
0x00007ffcfc980000 - 0x00007ffcfc9c9000 	C:\WINDOWS\SYSTEM32\directxdatabasehelper.dll
0x00007ffc99860000 - 0x00007ffc9a86f000 	C:\Users\natan\.skiko\6dade51938093e8778af803828dc0de1c163aafae3653774958338cc096b3d01\skiko-windows-x64.dll
0x00007ffcec6f0000 - 0x00007ffcec773000 	C:\Users\natan\.jdks\corretto-17.0.5-1\bin\freetype.dll
0x00007ffcd4af0000 - 0x00007ffcd4bb2000 	C:\Users\natan\.jdks\corretto-17.0.5-1\bin\fontmanager.dll
0x00007ffcf6c10000 - 0x00007ffcf6c17000 	C:\Users\natan\.jdks\corretto-17.0.5-1\bin\jawt.dll
0x00007ffd00590000 - 0x00007ffd00687000 	C:\WINDOWS\SYSTEM32\Dxgi.dll
0x00007ffcf0c20000 - 0x00007ffcf0c43000 	C:\WINDOWS\SYSTEM32\D3D12.dll
0x00007ffcaf320000 - 0x00007ffcaf521000 	C:\WINDOWS\SYSTEM32\D3D12Core.dll
0x00007ffd03050000 - 0x00007ffd0309e000 	C:\WINDOWS\SYSTEM32\cfgmgr32.dll
0x00007ffc96c90000 - 0x00007ffc9985e000 	C:\WINDOWS\System32\DriverStore\FileRepository\u0376209.inf_amd64_b3bdffadea4def3f\B374968\amdxc64.dll
0x00007ffcf6d40000 - 0x00007ffcf6d6f000 	C:\WINDOWS\SYSTEM32\D3DSCache.dll
0x00007ffd029b0000 - 0x00007ffd029d8000 	C:\WINDOWS\SYSTEM32\USERENV.dll
0x00007ffcf9d30000 - 0x00007ffcf9f9a000 	C:\WINDOWS\SYSTEM32\twinapi.appcore.dll
0x00007ffcfe390000 - 0x00007ffcfe5f7000 	C:\WINDOWS\SYSTEM32\dwrite.dll

dbghelp: loaded successfully - version: 4.0.5 - missing functions: none
symbol engine: initialized successfully - sym options: 0x614 - pdb path: .;C:\Users\natan\.jdks\corretto-17.0.5-1\bin;C:\WINDOWS\SYSTEM32;C:\WINDOWS\WinSxS\amd64_microsoft.windows.common-controls_6595b64144ccf1df_6.0.22621.608_none_a9444ca7c10bb01d;C:\Users\natan\.jdks\corretto-17.0.5-1\bin\server;C:\WINDOWS\System32\DriverStore\FileRepository\u0376209.inf_amd64_b3bdffadea4def3f\B374968;C:\Users\natan\.skiko\6dade51938093e8778af803828dc0de1c163aafae3653774958338cc096b3d01

VM Arguments:
jvm_args: -agentlib:jdwp=transport=dt_socket,address=127.0.0.1:64950,suspend=y,server=n -Djava.library.path=C:\Users\natan\Desktop\AlgorithmsGui\build\classes\kotlin\jvm\main -javaagent:C:/Users/natan/.gradle/caches/modules-2/files-2.1/org.jetbrains.kotlinx/kotlinx-coroutines-core-jvm/1.6.4/2c997cd1c0ef33f3e751d3831929aeff1390cb30/kotlinx-coroutines-core-jvm-1.6.4.jar -javaagent:C:\Users\natan\AppData\Local\JetBrains\IntelliJIdea2022.3\captureAgent\debugger-agent.jar=file:/C:/Users/natan/AppData/Local/Temp/capture.props -Dfile.encoding=UTF-8 
java_command: MainKt
java_class_path (initial): C:\Users\natan\Desktop\AlgorithmsGui\build\classes\kotlin\jvm\main;C:\Users\natan\.gradle\caches\modules-2\files-2.1\org.jetbrains.compose.foundation\foundation-desktop\1.3.0-alpha01-dev862\fb9c35ec879e0dc553ab05645e42ccb607dec659\foundation-desktop-1.3.0-alpha01-dev862.jar;C:\Users\natan\.gradle\caches\modules-2\files-2.1\org.jetbrains.compose.ui\ui-graphics-desktop\1.3.0-alpha01-dev862\ba71a3eca523aac94dd2147437e3b5ed59150733\ui-graphics-desktop-1.3.0-alpha01-dev862.jar;C:\Users\natan\.gradle\caches\modules-2\files-2.1\org.jetbrains.kotlin\kotlin-stdlib-jdk8\1.7.20\eac6656981d9d7156e838467d2d8d79093b1570\kotlin-stdlib-jdk8-1.7.20.jar;C:\Users\natan\.gradle\caches\modules-2\files-2.1\org.jetbrains.compose.ui\ui-geometry-desktop\1.3.0-alpha01-dev862\675b7f6d98e605ac4fed00a96b2bee2e23d95d0e\ui-geometry-desktop-1.3.0-alpha01-dev862.jar;C:\Users\natan\.gradle\caches\modules-2\files-2.1\org.jetbrains.kotlin\kotlin-stdlib-jdk7\1.7.20\2a729aa8763306368e665e2b747abd1dfd29b9d5\kotlin-stdlib-jdk7-1.7.20.jar;C:\Users\natan\.gradle\caches\modules-2\files-2.1\org.jetbrains.skiko\skiko-awt-runtime-windows-x64\0.7.39\d6dbd7d1e096982c4429f446a9c155e86526187b\skiko-awt-runtime-windows-x64-0.7.39.jar;C:\Users\natan\.gradle\caches\modules-2\files-2.1\org.jetbrains.kotlin\kotlin-stdlib\1.7.20\726594ea9ba2beb2ee113647fefa9a10f9fabe52\kotlin-stdlib-1.7.20.jar;C:\Users\natan\.gradle\caches\modules-2\files-2.1\org.jetbrains.compose.desktop\desktop-jvm\1.3.0-alpha01-dev862\d2cd3df9f62b4251b5a80e9653c3dba9e93bc5e9\desktop-jvm-1.3.0-alpha01-dev862.jar;C:\Users\natan\.gradle\caches\modules-2\files-2.1\org.jetbrains.compose.animation\animation-desktop\1.3.0-alpha01-dev862\ad5a4950ca274f67b5041ff3a11b6e92cc775ab4\animation-desktop-1.3.0-alpha01-dev862.jar;C:\Users\natan\.gradle\caches\modules-2\files-2.1\org.jetbrains.compose.ui\ui-desktop\1.3.0-alpha01-dev862\be23060e7a02e6dfd582a832407168c911abb5c5\ui-desktop-1.3.0-alpha01-dev862.jar;C:\Users\natan\.gradle\caches\
Launcher Type: SUN_STANDARD

[Global flags]
     intx CICompilerCount                          = 12                                        {product} {ergonomic}
     uint ConcGCThreads                            = 3                                         {product} {ergonomic}
     uint G1ConcRefinementThreads                  = 13                                        {product} {ergonomic}
   size_t G1HeapRegionSize                         = 4194304                                   {product} {ergonomic}
    uintx GCDrainStackTargetSize                   = 64                                        {product} {ergonomic}
   size_t InitialHeapSize                          = 536870912                                 {product} {ergonomic}
   size_t MarkStackSize                            = 4194304                                   {product} {ergonomic}
   size_t MaxHeapSize                              = 8577351680                                {product} {ergonomic}
   size_t MaxNewSize                               = 5146411008                                {product} {ergonomic}
   size_t MinHeapDeltaBytes                        = 4194304                                   {product} {ergonomic}
   size_t MinHeapSize                              = 8388608                                   {product} {ergonomic}
    uintx NonNMethodCodeHeapSize                   = 7602480                                {pd product} {ergonomic}
    uintx NonProfiledCodeHeapSize                  = 122027880                              {pd product} {ergonomic}
    uintx ProfiledCodeHeapSize                     = 122027880                              {pd product} {ergonomic}
    uintx ReservedCodeCacheSize                    = 251658240                              {pd product} {ergonomic}
     bool SegmentedCodeCache                       = true                                      {product} {ergonomic}
   size_t SoftMaxHeapSize                          = 8577351680                             {manageable} {ergonomic}
     bool UseCompressedClassPointers               = true                           {product lp64_product} {ergonomic}
     bool UseCompressedOops                        = true                           {product lp64_product} {ergonomic}
     bool UseG1GC                                  = true                                      {product} {ergonomic}
     bool UseLargePagesIndividualAllocation        = false                                  {pd product} {ergonomic}

Logging:
Log output configuration:
 #0: stdout all=warning uptime,level,tags
 #1: stderr all=off uptime,level,tags

Environment Variables:
PATH=C:\WINDOWS\system32;C:\WINDOWS;C:\WINDOWS\System32\Wbem;C:\WINDOWS\System32\WindowsPowerShell\v1.0\;C:\WINDOWS\System32\OpenSSH\;C:\Program Files\Docker\Docker\resources\bin;C:\ProgramData\DockerDesktop\version-bin;C:\Program Files\Git\cmd;C:\Program Files\nodejs\;C:\Program Files\Amazon\AWSCLIV2\;C:\Program Files\Amazon\AWSSAMCLI\bin\;C:\Users\natan\AppData\Local\Programs\Python\Python310\Scripts\;C:\Users\natan\AppData\Local\Programs\Python\Python310\;C:\Users\natan\AppData\Local\Microsoft\WindowsApps;C:\gradle-7.5-bin\gradle-7.5\bin;C:\Users\natan\AppData\Roaming\npm;C:\Users\natan\AppData\Local\Programs\Microsoft VS Code\bin;C:\Users\natan\.jdks\corretto-17.0.3\bin;C:\scripts;C:\Users\natan\AppData\Local\Android\Sdk\platform-tools;C:\Users\natan\AppData\Local\JetBrains\Toolbox\scripts;;%USERPROFILE%\AppData\Local\Microsoft\WindowsApps
USERNAME=natan
OS=Windows_NT
PROCESSOR_IDENTIFIER=AMD64 Family 23 Model 113 Stepping 0, AuthenticAMD
TMP=C:\Users\natan\AppData\Local\Temp
TEMP=C:\Users\natan\AppData\Local\Temp



---------------  S Y S T E M  ---------------

OS:
 Windows 11 , 64 bit Build 22621 (10.0.22621.755)
OS uptime: 0 days 13:01 hours
Hyper-V role detected

CPU: total 16 (initial active 16) (16 cores per cpu, 2 threads per core) family 23 model 113 stepping 0 microcode 0x0, cx8, cmov, fxsr, ht, mmx, 3dnowpref, sse, sse2, sse3, ssse3, sse4a, sse4.1, sse4.2, popcnt, lzcnt, tsc, tscinvbit, avx, avx2, aes, clmul, bmi1, bmi2, adx, sha, fma, vzeroupper, clflush, clflushopt, hv

Memory: 4k page, system-wide physical 32718M (20741M free)
TotalPageFile size 37582M (AvailPageFile size 22046M)
current process WorkingSet (physical memory assigned to process): 153M, peak: 155M
current process commit charge ("private bytes"): 712M, peak: 725M

vm_info: OpenJDK 64-Bit Server VM (17.0.5+8-LTS) for windows-amd64 JRE (17.0.5+8-LTS), built on Oct 13 2022 05:18:14 by "Administrator" with MS VC++ 15.9 (VS2017)

END.
